#
# There is insufficient memory for the Java Runtime Environment to continue.
# Native memory allocation (mmap) failed to map 273678336 bytes for G1 virtual space
# Possible reasons:
#   The system is out of physical RAM or swap space
#   The process is running with CompressedOops enabled, and the Java Heap may be blocking the growth of the native heap
# Possible solutions:
#   Reduce memory load on the system
#   Increase physical memory or swap space
#   Check if swap backing store is full
#   Decrease Java heap size (-Xmx/-Xms)
#   Decrease number of Java threads
#   Decrease Java thread stack sizes (-Xss)
#   Set larger code cache with -XX:ReservedCodeCacheSize=
#   JVM is running with Unscaled Compressed Oops mode in which the Java heap is
#     placed in the first 4GB address space. The Java Heap base address is the
#     maximum limit for the native heap growth. Please use -XX:HeapBaseMinAddress
#     to set the Java Heap base and to place the Java Heap above 4GB virtual address.
# This output file may be truncated or incomplete.
#
#  Out of Memory Error (os_windows.cpp:3535), pid=12208, tid=1408
#
# JRE version: Java(TM) SE Runtime Environment (17.0.3.1+2) (build 17.0.3.1+2-LTS-6)
# Java VM: Java HotSpot(TM) 64-Bit Server VM (17.0.3.1+2-LTS-6, mixed mode, sharing, tiered, compressed oops, compressed class ptrs, g1 gc, windows-amd64)
# No core dump will be written. Minidumps are not enabled by default on client versions of Windows
#

---------------  S U M M A R Y ------------

Command Line: --enable-native-access=ALL-UNNAMED -Dclassworlds.conf=C:\Program Files\apache-maven-3.9.10\bin\m2.conf -Dmaven.home=C:\Program Files\apache-maven-3.9.10 -Dlibrary.jansi.path=C:\Program Files\apache-maven-3.9.10\lib\jansi-native -Dmaven.multiModuleProjectDirectory=C:\Users\Hymavathi\git\hackathon org.codehaus.plexus.classworlds.launcher.Launcher clean install -Dskiptest=true

Host: Intel(R) Core(TM) i3-1005G1 CPU @ 1.20GHz, 4 cores, 3G,  Windows 11 , 64 bit Build 26100 (10.0.26100.7623)
Time: Sat Jan 24 20:18:15 2026 India Standard Time elapsed time: 105.378369 seconds (0d 0h 1m 45s)

---------------  T H R E A D  ---------------

Current thread (0x0000021c2983cb40):  VMThread "VM Thread" [stack: 0x00000077b2d00000,0x00000077b2e00000] [id=1408]

Stack: [0x00000077b2d00000,0x00000077b2e00000]
Native frames: (J=compiled Java code, j=interpreted, Vv=VM code, C=native code)
V  [jvm.dll+0x6711ba]
V  [jvm.dll+0x7d0834]
V  [jvm.dll+0x7d1fde]
V  [jvm.dll+0x7d2643]
V  [jvm.dll+0x242c85]
V  [jvm.dll+0x66e0d9]
V  [jvm.dll+0x662a22]
V  [jvm.dll+0x300ddb]
V  [jvm.dll+0x308376]
V  [jvm.dll+0x357f7e]
V  [jvm.dll+0x3581af]
V  [jvm.dll+0x2d7ff8]
V  [jvm.dll+0x2d62c4]
V  [jvm.dll+0x2d58cc]
V  [jvm.dll+0x31933b]
V  [jvm.dll+0x7d6b1b]
V  [jvm.dll+0x7d7854]
V  [jvm.dll+0x7d7d6c]
V  [jvm.dll+0x7d8144]
V  [jvm.dll+0x7d8210]
V  [jvm.dll+0x780aca]
V  [jvm.dll+0x670045]
C  [ucrtbase.dll+0x37b0]
C  [KERNEL32.DLL+0x2e8d7]
C  [ntdll.dll+0x8c53c]

VM_Operation (0x00000077b27fb370): G1CollectForAllocation, mode: safepoint, requested by thread 0x0000021c2977ebc0


---------------  P R O C E S S  ---------------

Threads class SMR info:
_java_thread_list=0x0000021c53fa56e0, length=16, elements={
0x0000021c2977ebc0, 0x0000021c29844160, 0x0000021c29847c90, 0x0000021c4485bcc0,
0x0000021c4485c670, 0x0000021c4485d020, 0x0000021c4485d9d0, 0x0000021c44860770,
0x0000021c44869d90, 0x0000021c448e1f00, 0x0000021c4547e280, 0x0000021c4547f980,
0x0000021c45f5ef90, 0x0000021c45853bc0, 0x0000021c45857580, 0x0000021c45855d70
}

Java Threads: ( => current thread )
  0x0000021c2977ebc0 JavaThread "main" [_thread_blocked, id=20208, stack(0x00000077b2700000,0x00000077b2800000)]
  0x0000021c29844160 JavaThread "Reference Handler" daemon [_thread_blocked, id=24028, stack(0x00000077b2e00000,0x00000077b2f00000)]
  0x0000021c29847c90 JavaThread "Finalizer" daemon [_thread_blocked, id=19392, stack(0x00000077b2f00000,0x00000077b3000000)]
  0x0000021c4485bcc0 JavaThread "Signal Dispatcher" daemon [_thread_blocked, id=23132, stack(0x00000077b3000000,0x00000077b3100000)]
  0x0000021c4485c670 JavaThread "Attach Listener" daemon [_thread_blocked, id=19280, stack(0x00000077b3100000,0x00000077b3200000)]
  0x0000021c4485d020 JavaThread "Service Thread" daemon [_thread_blocked, id=23584, stack(0x00000077b3200000,0x00000077b3300000)]
  0x0000021c4485d9d0 JavaThread "Monitor Deflation Thread" daemon [_thread_blocked, id=22456, stack(0x00000077b3300000,0x00000077b3400000)]
  0x0000021c44860770 JavaThread "C2 CompilerThread0" daemon [_thread_blocked, id=22752, stack(0x00000077b3400000,0x00000077b3500000)]
  0x0000021c44869d90 JavaThread "C1 CompilerThread0" daemon [_thread_blocked, id=20824, stack(0x00000077b3500000,0x00000077b3600000)]
  0x0000021c448e1f00 JavaThread "Sweeper thread" daemon [_thread_blocked, id=23396, stack(0x00000077b3600000,0x00000077b3700000)]
  0x0000021c4547e280 JavaThread "Notification Thread" daemon [_thread_blocked, id=11540, stack(0x00000077b3700000,0x00000077b3800000)]
  0x0000021c4547f980 JavaThread "Common-Cleaner" daemon [_thread_blocked, id=22192, stack(0x00000077b3900000,0x00000077b3a00000)]
  0x0000021c45f5ef90 JavaThread "Thread-1" daemon [_thread_blocked, id=20684, stack(0x00000077b3d00000,0x00000077b3e00000)]
  0x0000021c45853bc0 JavaThread "ForkJoinPool.commonPool-worker-1" daemon [_thread_blocked, id=18976, stack(0x00000077b2400000,0x00000077b2500000)]
  0x0000021c45857580 JavaThread "ForkJoinPool.commonPool-worker-2" daemon [_thread_blocked, id=4712, stack(0x00000077b3f00000,0x00000077b4000000)]
  0x0000021c45855d70 JavaThread "ForkJoinPool.commonPool-worker-3" daemon [_thread_blocked, id=13884, stack(0x00000077b4000000,0x00000077b4100000)]

Other Threads:
=>0x0000021c2983cb40 VMThread "VM Thread" [stack: 0x00000077b2d00000,0x00000077b2e00000] [id=1408]
  0x0000021c297ce970 WatcherThread [stack: 0x00000077b3800000,0x00000077b3900000] [id=7432]
  0x0000021c297bcad0 GCTaskThread "GC Thread#0" [stack: 0x00000077b2800000,0x00000077b2900000] [id=20792]
  0x0000021c45753250 GCTaskThread "GC Thread#1" [stack: 0x00000077b3a00000,0x00000077b3b00000] [id=22948]
  0x0000021c45cead80 GCTaskThread "GC Thread#2" [stack: 0x00000077b3b00000,0x00000077b3c00000] [id=23432]
  0x0000021c45b9b3f0 GCTaskThread "GC Thread#3" [stack: 0x00000077b3c00000,0x00000077b3d00000] [id=11496]
  0x0000021c297c52d0 ConcurrentGCThread "G1 Main Marker" [stack: 0x00000077b2900000,0x00000077b2a00000] [id=20524]
  0x0000021c297c79c0 ConcurrentGCThread "G1 Conc#0" [stack: 0x00000077b2a00000,0x00000077b2b00000] [id=24904]
  0x0000021c2980dab0 ConcurrentGCThread "G1 Refine#0" [stack: 0x00000077b2b00000,0x00000077b2c00000] [id=24980]
  0x0000021c45a2a7a0 ConcurrentGCThread "G1 Refine#1" [stack: 0x00000077b2500000,0x00000077b2600000] [id=12376]
  0x0000021c49605c60 ConcurrentGCThread "G1 Refine#2" [stack: 0x00000077b3e00000,0x00000077b3f00000] [id=1884]
  0x0000021c2980e4d0 ConcurrentGCThread "G1 Service" [stack: 0x00000077b2c00000,0x00000077b2d00000] [id=19976]

Threads with active compile tasks:
C2 CompilerThread0   105474 11434       4       java.util.Collections$SetFromMap::add (22 bytes)

VM state: at safepoint (normal execution)

VM Mutex/Monitor currently owned by a thread:  ([mutex/lock_event])
[0x0000021c2977a660] Threads_lock - owner thread: 0x0000021c2983cb40
[0x0000021c2977a930] Heap_lock - owner thread: 0x0000021c2977ebc0

Heap address: 0x00000000c3a00000, size: 966 MB, Compressed Oops mode: 32-bit

CDS archive(s) mapped at: [0x0000000800000000-0x0000000800bc0000-0x0000000800bc0000), size 12320768, SharedBaseAddress: 0x0000000800000000, ArchiveRelocationMode: 0.
Compressed class space mapped at: 0x0000000800c00000-0x0000000840c00000, reserved size: 1073741824
Narrow klass base: 0x0000000800000000, Narrow klass shift: 0, Narrow klass range: 0x100000000

GC Precious Log:
 CPUs: 4 total, 4 available
 Memory: 3863M
 Large Page Support: Disabled
 NUMA Support: Disabled
 Compressed Oops: Enabled (32-bit)
 Heap Region Size: 1M
 Heap Min Capacity: 8M
 Heap Initial Capacity: 62M
 Heap Max Capacity: 966M
 Pre-touch: Disabled
 Parallel Workers: 4
 Concurrent Workers: 1
 Concurrent Refinement Workers: 4
 Periodic GC: Disabled

Heap:
 garbage-first heap   total 249856K, used 117322K [0x00000000c3a00000, 0x0000000100000000)
  region size 1024K, 6 young (6144K), 6 survivors (6144K)
 Metaspace       used 56613K, committed 57152K, reserved 1105920K
  class space    used 6348K, committed 6592K, reserved 1048576K

Heap Regions: E=young(eden), S=young(survivor), O=old, HS=humongous(starts), HC=humongous(continues), CS=collection set, F=free, OA=open archive, CA=closed archive, TAMS=top-at-mark-start (previous, next)
|   0|0x00000000c3a00000, 0x00000000c3b00000, 0x00000000c3b00000|100%| O|  |TAMS 0x00000000c3b00000, 0x00000000c3a00000| Untracked 
|   1|0x00000000c3b00000, 0x00000000c3c00000, 0x00000000c3c00000|100%| O|  |TAMS 0x00000000c3c00000, 0x00000000c3b00000| Untracked 
|   2|0x00000000c3c00000, 0x00000000c3d00000, 0x00000000c3d00000|100%| O|  |TAMS 0x00000000c3d00000, 0x00000000c3c00000| Untracked 
|   3|0x00000000c3d00000, 0x00000000c3e00000, 0x00000000c3e00000|100%| O|  |TAMS 0x00000000c3e00000, 0x00000000c3d00000| Untracked 
|   4|0x00000000c3e00000, 0x00000000c3f00000, 0x00000000c3f00000|100%| O|  |TAMS 0x00000000c3f00000, 0x00000000c3e00000| Untracked 
|   5|0x00000000c3f00000, 0x00000000c4000000, 0x00000000c4000000|100%| O|  |TAMS 0x00000000c4000000, 0x00000000c3f00000| Untracked 
|   6|0x00000000c4000000, 0x00000000c4100000, 0x00000000c4100000|100%| O|  |TAMS 0x00000000c4100000, 0x00000000c4000000| Untracked 
|   7|0x00000000c4100000, 0x00000000c4200000, 0x00000000c4200000|100%| O|  |TAMS 0x00000000c4200000, 0x00000000c4100000| Untracked 
|   8|0x00000000c4200000, 0x00000000c4300000, 0x00000000c4300000|100%| O|  |TAMS 0x00000000c4300000, 0x00000000c4200000| Untracked 
|   9|0x00000000c4300000, 0x00000000c4400000, 0x00000000c4400000|100%| O|  |TAMS 0x00000000c4400000, 0x00000000c4300000| Untracked 
|  10|0x00000000c4400000, 0x00000000c4500000, 0x00000000c4500000|100%| O|  |TAMS 0x00000000c4500000, 0x00000000c4400000| Untracked 
|  11|0x00000000c4500000, 0x00000000c4600000, 0x00000000c4600000|100%| O|  |TAMS 0x00000000c4600000, 0x00000000c4500000| Untracked 
|  12|0x00000000c4600000, 0x00000000c4700000, 0x00000000c4700000|100%|HS|  |TAMS 0x00000000c4600000, 0x00000000c4600000| Complete 
|  13|0x00000000c4700000, 0x00000000c4800000, 0x00000000c4800000|100%| O|  |TAMS 0x00000000c4800000, 0x00000000c4700000| Untracked 
|  14|0x00000000c4800000, 0x00000000c4900000, 0x00000000c4900000|100%| O|  |TAMS 0x00000000c4900000, 0x00000000c4800000| Untracked 
|  15|0x00000000c4900000, 0x00000000c4a00000, 0x00000000c4a00000|100%| O|  |TAMS 0x00000000c4a00000, 0x00000000c4900000| Untracked 
|  16|0x00000000c4a00000, 0x00000000c4b00000, 0x00000000c4b00000|100%| O|  |TAMS 0x00000000c4b00000, 0x00000000c4a00000| Untracked 
|  17|0x00000000c4b00000, 0x00000000c4c00000, 0x00000000c4c00000|100%| O|  |TAMS 0x00000000c4c00000, 0x00000000c4b00000| Untracked 
|  18|0x00000000c4c00000, 0x00000000c4d00000, 0x00000000c4d00000|100%| O|  |TAMS 0x00000000c4d00000, 0x00000000c4c00000| Untracked 
|  19|0x00000000c4d00000, 0x00000000c4e00000, 0x00000000c4e00000|100%| O|  |TAMS 0x00000000c4e00000, 0x00000000c4d00000| Untracked 
|  20|0x00000000c4e00000, 0x00000000c4f00000, 0x00000000c4f00000|100%| O|  |TAMS 0x00000000c4f00000, 0x00000000c4e00000| Untracked 
|  21|0x00000000c4f00000, 0x00000000c5000000, 0x00000000c5000000|100%| O|  |TAMS 0x00000000c5000000, 0x00000000c4f00000| Untracked 
|  22|0x00000000c5000000, 0x00000000c5100000, 0x00000000c5100000|100%| O|  |TAMS 0x00000000c5100000, 0x00000000c5000000| Untracked 
|  23|0x00000000c5100000, 0x00000000c5200000, 0x00000000c5200000|100%| O|  |TAMS 0x00000000c5200000, 0x00000000c5100000| Untracked 
|  24|0x00000000c5200000, 0x00000000c5300000, 0x00000000c5300000|100%| O|  |TAMS 0x00000000c5300000, 0x00000000c5200000| Untracked 
|  25|0x00000000c5300000, 0x00000000c5400000, 0x00000000c5400000|100%| O|  |TAMS 0x00000000c5300000, 0x00000000c5300000| Untracked 
|  26|0x00000000c5400000, 0x00000000c5500000, 0x00000000c5500000|100%| O|  |TAMS 0x00000000c5500000, 0x00000000c5400000| Untracked 
|  27|0x00000000c5500000, 0x00000000c5500000, 0x00000000c5600000|  0%| F|  |TAMS 0x00000000c5500000, 0x00000000c5500000| Untracked 
|  28|0x00000000c5600000, 0x00000000c5700000, 0x00000000c5700000|100%| O|  |TAMS 0x00000000c5700000, 0x00000000c5600000| Untracked 
|  29|0x00000000c5700000, 0x00000000c5800000, 0x00000000c5800000|100%| O|  |TAMS 0x00000000c5700000, 0x00000000c5700000| Untracked 
|  30|0x00000000c5800000, 0x00000000c5900000, 0x00000000c5900000|100%| O|  |TAMS 0x00000000c5800000, 0x00000000c5800000| Untracked 
|  31|0x00000000c5900000, 0x00000000c5a00000, 0x00000000c5a00000|100%| O|  |TAMS 0x00000000c5900000, 0x00000000c5900000| Untracked 
|  32|0x00000000c5a00000, 0x00000000c5b00000, 0x00000000c5b00000|100%| O|  |TAMS 0x00000000c5b00000, 0x00000000c5a00000| Untracked 
|  33|0x00000000c5b00000, 0x00000000c5c00000, 0x00000000c5c00000|100%| O|  |TAMS 0x00000000c5c00000, 0x00000000c5b00000| Untracked 
|  34|0x00000000c5c00000, 0x00000000c5d00000, 0x00000000c5d00000|100%| O|  |TAMS 0x00000000c5c00000, 0x00000000c5c00000| Untracked 
|  35|0x00000000c5d00000, 0x00000000c5e00000, 0x00000000c5e00000|100%|HS|  |TAMS 0x00000000c5e00000, 0x00000000c5d00000| Complete 
|  36|0x00000000c5e00000, 0x00000000c5f00000, 0x00000000c5f00000|100%| O|  |TAMS 0x00000000c5f00000, 0x00000000c5e00000| Untracked 
|  37|0x00000000c5f00000, 0x00000000c6000000, 0x00000000c6000000|100%| O|  |TAMS 0x00000000c5f00000, 0x00000000c5f00000| Untracked 
|  38|0x00000000c6000000, 0x00000000c6100000, 0x00000000c6100000|100%| O|  |TAMS 0x00000000c6100000, 0x00000000c6000000| Untracked 
|  39|0x00000000c6100000, 0x00000000c6200000, 0x00000000c6200000|100%| O|  |TAMS 0x00000000c6100000, 0x00000000c6100000| Untracked 
|  40|0x00000000c6200000, 0x00000000c6300000, 0x00000000c6300000|100%| O|  |TAMS 0x00000000c6200000, 0x00000000c6200000| Untracked 
|  41|0x00000000c6300000, 0x00000000c6400000, 0x00000000c6400000|100%| O|  |TAMS 0x00000000c6300000, 0x00000000c6300000| Untracked 
|  42|0x00000000c6400000, 0x00000000c6500000, 0x00000000c6500000|100%| O|  |TAMS 0x00000000c6500000, 0x00000000c6400000| Untracked 
|  43|0x00000000c6500000, 0x00000000c6600000, 0x00000000c6600000|100%| O|  |TAMS 0x00000000c6600000, 0x00000000c6500000| Untracked 
|  44|0x00000000c6600000, 0x00000000c6700000, 0x00000000c6700000|100%| O|  |TAMS 0x00000000c6600000, 0x00000000c6600000| Untracked 
|  45|0x00000000c6700000, 0x00000000c6800000, 0x00000000c6800000|100%| O|  |TAMS 0x00000000c6700000, 0x00000000c6700000| Untracked 
|  46|0x00000000c6800000, 0x00000000c6900000, 0x00000000c6900000|100%|HS|  |TAMS 0x00000000c6900000, 0x00000000c6800000| Complete 
|  47|0x00000000c6900000, 0x00000000c6900000, 0x00000000c6a00000|  0%| F|  |TAMS 0x00000000c6900000, 0x00000000c6900000| Untracked 
|  48|0x00000000c6a00000, 0x00000000c6a00000, 0x00000000c6b00000|  0%| F|  |TAMS 0x00000000c6a00000, 0x00000000c6a00000| Untracked 
|  49|0x00000000c6b00000, 0x00000000c6c00000, 0x00000000c6c00000|100%| O|  |TAMS 0x00000000c6c00000, 0x00000000c6b00000| Untracked 
|  50|0x00000000c6c00000, 0x00000000c6d00000, 0x00000000c6d00000|100%| O|  |TAMS 0x00000000c6d00000, 0x00000000c6c00000| Untracked 
|  51|0x00000000c6d00000, 0x00000000c6e00000, 0x00000000c6e00000|100%| O|  |TAMS 0x00000000c6e00000, 0x00000000c6d00000| Untracked 
|  52|0x00000000c6e00000, 0x00000000c6f00000, 0x00000000c6f00000|100%| O|  |TAMS 0x00000000c6f00000, 0x00000000c6e00000| Untracked 
|  53|0x00000000c6f00000, 0x00000000c6f92a00, 0x00000000c7000000| 57%| O|  |TAMS 0x00000000c6f00000, 0x00000000c6f00000| Untracked 
|  54|0x00000000c7000000, 0x00000000c7100000, 0x00000000c7100000|100%| O|  |TAMS 0x00000000c7100000, 0x00000000c7000000| Untracked 
|  55|0x00000000c7100000, 0x00000000c7200000, 0x00000000c7200000|100%| O|  |TAMS 0x00000000c7200000, 0x00000000c7100000| Untracked 
|  56|0x00000000c7200000, 0x00000000c7300000, 0x00000000c7300000|100%| O|  |TAMS 0x00000000c7300000, 0x00000000c7200000| Untracked 
|  57|0x00000000c7300000, 0x00000000c7300000, 0x00000000c7400000|  0%| F|  |TAMS 0x00000000c7300000, 0x00000000c7300000| Untracked 
|  58|0x00000000c7400000, 0x00000000c7500000, 0x00000000c7500000|100%| O|  |TAMS 0x00000000c7500000, 0x00000000c7400000| Untracked 
|  59|0x00000000c7500000, 0x00000000c7600000, 0x00000000c7600000|100%| O|  |TAMS 0x00000000c7600000, 0x00000000c7500000| Untracked 
|  60|0x00000000c7600000, 0x00000000c7700000, 0x00000000c7700000|100%| O|  |TAMS 0x00000000c7700000, 0x00000000c7600000| Untracked 
|  61|0x00000000c7700000, 0x00000000c7700000, 0x00000000c7800000|  0%| F|  |TAMS 0x00000000c7700000, 0x00000000c7700000| Untracked 
|  62|0x00000000c7800000, 0x00000000c7800000, 0x00000000c7900000|  0%| F|  |TAMS 0x00000000c7800000, 0x00000000c7800000| Untracked 
|  63|0x00000000c7900000, 0x00000000c7900000, 0x00000000c7a00000|  0%| F|  |TAMS 0x00000000c7900000, 0x00000000c7900000| Untracked 
|  64|0x00000000c7a00000, 0x00000000c7b00000, 0x00000000c7b00000|100%| O|  |TAMS 0x00000000c7a00000, 0x00000000c7a00000| Untracked 
|  65|0x00000000c7b00000, 0x00000000c7c00000, 0x00000000c7c00000|100%| O|  |TAMS 0x00000000c7b00000, 0x00000000c7b00000| Untracked 
|  66|0x00000000c7c00000, 0x00000000c7d00000, 0x00000000c7d00000|100%|HS|  |TAMS 0x00000000c7d00000, 0x00000000c7c00000| Complete 
|  67|0x00000000c7d00000, 0x00000000c7e00000, 0x00000000c7e00000|100%|HC|  |TAMS 0x00000000c7e00000, 0x00000000c7d00000| Complete 
|  68|0x00000000c7e00000, 0x00000000c7e00000, 0x00000000c7f00000|  0%| F|  |TAMS 0x00000000c7e00000, 0x00000000c7e00000| Untracked 
|  69|0x00000000c7f00000, 0x00000000c7f00000, 0x00000000c8000000|  0%| F|  |TAMS 0x00000000c7f00000, 0x00000000c7f00000| Untracked 
|  70|0x00000000c8000000, 0x00000000c8000000, 0x00000000c8100000|  0%| F|  |TAMS 0x00000000c8000000, 0x00000000c8000000| Untracked 
|  71|0x00000000c8100000, 0x00000000c8100000, 0x00000000c8200000|  0%| F|  |TAMS 0x00000000c8100000, 0x00000000c8100000| Untracked 
|  72|0x00000000c8200000, 0x00000000c8200000, 0x00000000c8300000|  0%| F|  |TAMS 0x00000000c8200000, 0x00000000c8200000| Untracked 
|  73|0x00000000c8300000, 0x00000000c8300000, 0x00000000c8400000|  0%| F|  |TAMS 0x00000000c8300000, 0x00000000c8300000| Untracked 
|  74|0x00000000c8400000, 0x00000000c8500000, 0x00000000c8500000|100%| O|  |TAMS 0x00000000c8500000, 0x00000000c8400000| Untracked 
|  75|0x00000000c8500000, 0x00000000c8600000, 0x00000000c8600000|100%| O|  |TAMS 0x00000000c8500000, 0x00000000c8500000| Untracked 
|  76|0x00000000c8600000, 0x00000000c8600000, 0x00000000c8700000|  0%| F|  |TAMS 0x00000000c8600000, 0x00000000c8600000| Untracked 
|  77|0x00000000c8700000, 0x00000000c8700000, 0x00000000c8800000|  0%| F|  |TAMS 0x00000000c8700000, 0x00000000c8700000| Untracked 
|  78|0x00000000c8800000, 0x00000000c8800000, 0x00000000c8900000|  0%| F|  |TAMS 0x00000000c8800000, 0x00000000c8800000| Untracked 
|  79|0x00000000c8900000, 0x00000000c8a00000, 0x00000000c8a00000|100%| O|  |TAMS 0x00000000c8a00000, 0x00000000c8900000| Untracked 
|  80|0x00000000c8a00000, 0x00000000c8a00000, 0x00000000c8b00000|  0%| F|  |TAMS 0x00000000c8a00000, 0x00000000c8a00000| Untracked 
|  81|0x00000000c8b00000, 0x00000000c8b00000, 0x00000000c8c00000|  0%| F|  |TAMS 0x00000000c8b00000, 0x00000000c8b00000| Untracked 
|  82|0x00000000c8c00000, 0x00000000c8c00000, 0x00000000c8d00000|  0%| F|  |TAMS 0x00000000c8c00000, 0x00000000c8c00000| Untracked 
|  83|0x00000000c8d00000, 0x00000000c8d00000, 0x00000000c8e00000|  0%| F|  |TAMS 0x00000000c8d00000, 0x00000000c8d00000| Untracked 
|  84|0x00000000c8e00000, 0x00000000c8e00000, 0x00000000c8f00000|  0%| F|  |TAMS 0x00000000c8e00000, 0x00000000c8e00000| Untracked 
|  85|0x00000000c8f00000, 0x00000000c8f00000, 0x00000000c9000000|  0%| F|  |TAMS 0x00000000c8f00000, 0x00000000c8f00000| Untracked 
|  86|0x00000000c9000000, 0x00000000c9000000, 0x00000000c9100000|  0%| F|  |TAMS 0x00000000c9000000, 0x00000000c9000000| Untracked 
|  87|0x00000000c9100000, 0x00000000c9100000, 0x00000000c9200000|  0%| F|  |TAMS 0x00000000c9100000, 0x00000000c9100000| Untracked 
|  88|0x00000000c9200000, 0x00000000c9200000, 0x00000000c9300000|  0%| F|  |TAMS 0x00000000c9200000, 0x00000000c9200000| Untracked 
|  89|0x00000000c9300000, 0x00000000c9300000, 0x00000000c9400000|  0%| F|  |TAMS 0x00000000c9300000, 0x00000000c9300000| Untracked 
|  90|0x00000000c9400000, 0x00000000c9400000, 0x00000000c9500000|  0%| F|  |TAMS 0x00000000c9400000, 0x00000000c9400000| Untracked 
|  91|0x00000000c9500000, 0x00000000c9600000, 0x00000000c9600000|100%| O|  |TAMS 0x00000000c9600000, 0x00000000c9500000| Untracked 
|  92|0x00000000c9600000, 0x00000000c9600000, 0x00000000c9700000|  0%| F|  |TAMS 0x00000000c9600000, 0x00000000c9600000| Untracked 
|  93|0x00000000c9700000, 0x00000000c9700000, 0x00000000c9800000|  0%| F|  |TAMS 0x00000000c9700000, 0x00000000c9700000| Untracked 
|  94|0x00000000c9800000, 0x00000000c9800000, 0x00000000c9900000|  0%| F|  |TAMS 0x00000000c9800000, 0x00000000c9800000| Untracked 
|  95|0x00000000c9900000, 0x00000000c9900000, 0x00000000c9a00000|  0%| F|  |TAMS 0x00000000c9900000, 0x00000000c9900000| Untracked 
|  96|0x00000000c9a00000, 0x00000000c9b00000, 0x00000000c9b00000|100%|HS|  |TAMS 0x00000000c9b00000, 0x00000000c9a00000| Complete 
|  97|0x00000000c9b00000, 0x00000000c9c00000, 0x00000000c9c00000|100%| O|  |TAMS 0x00000000c9c00000, 0x00000000c9b00000| Untracked 
|  98|0x00000000c9c00000, 0x00000000c9c00000, 0x00000000c9d00000|  0%| F|  |TAMS 0x00000000c9c00000, 0x00000000c9c00000| Untracked 
|  99|0x00000000c9d00000, 0x00000000c9d00000, 0x00000000c9e00000|  0%| F|  |TAMS 0x00000000c9d00000, 0x00000000c9d00000| Untracked 
| 100|0x00000000c9e00000, 0x00000000c9f00000, 0x00000000c9f00000|100%| O|  |TAMS 0x00000000c9f00000, 0x00000000c9e00000| Untracked 
| 101|0x00000000c9f00000, 0x00000000ca000000, 0x00000000ca000000|100%| O|  |TAMS 0x00000000ca000000, 0x00000000c9f00000| Untracked 
| 102|0x00000000ca000000, 0x00000000ca100000, 0x00000000ca100000|100%| O|  |TAMS 0x00000000ca100000, 0x00000000ca000000| Untracked 
| 103|0x00000000ca100000, 0x00000000ca200000, 0x00000000ca200000|100%| O|  |TAMS 0x00000000ca200000, 0x00000000ca100000| Untracked 
| 104|0x00000000ca200000, 0x00000000ca300000, 0x00000000ca300000|100%| O|  |TAMS 0x00000000ca300000, 0x00000000ca200000| Untracked 
| 105|0x00000000ca300000, 0x00000000ca400000, 0x00000000ca400000|100%| O|  |TAMS 0x00000000ca400000, 0x00000000ca300000| Untracked 
| 106|0x00000000ca400000, 0x00000000ca500000, 0x00000000ca500000|100%| O|  |TAMS 0x00000000ca500000, 0x00000000ca400000| Untracked 
| 107|0x00000000ca500000, 0x00000000ca600000, 0x00000000ca600000|100%| O|  |TAMS 0x00000000ca600000, 0x00000000ca500000| Untracked 
| 108|0x00000000ca600000, 0x00000000ca700000, 0x00000000ca700000|100%| O|  |TAMS 0x00000000ca700000, 0x00000000ca600000| Untracked 
| 109|0x00000000ca700000, 0x00000000ca800000, 0x00000000ca800000|100%| O|  |TAMS 0x00000000ca800000, 0x00000000ca700000| Untracked 
| 110|0x00000000ca800000, 0x00000000ca900000, 0x00000000ca900000|100%| O|  |TAMS 0x00000000ca900000, 0x00000000ca800000| Untracked 
| 111|0x00000000ca900000, 0x00000000caa00000, 0x00000000caa00000|100%| O|  |TAMS 0x00000000caa00000, 0x00000000ca900000| Untracked 
| 112|0x00000000caa00000, 0x00000000cab00000, 0x00000000cab00000|100%| O|  |TAMS 0x00000000cab00000, 0x00000000caa00000| Untracked 
| 113|0x00000000cab00000, 0x00000000cac00000, 0x00000000cac00000|100%|HS|  |TAMS 0x00000000cac00000, 0x00000000cab00000| Complete 
| 114|0x00000000cac00000, 0x00000000cad00000, 0x00000000cad00000|100%|HC|  |TAMS 0x00000000cad00000, 0x00000000cac00000| Complete 
| 115|0x00000000cad00000, 0x00000000cae00000, 0x00000000cae00000|100%| O|  |TAMS 0x00000000cae00000, 0x00000000cad00000| Untracked 
| 116|0x00000000cae00000, 0x00000000caf00000, 0x00000000caf00000|100%| O|  |TAMS 0x00000000caf00000, 0x00000000cae00000| Untracked 
| 117|0x00000000caf00000, 0x00000000cb000000, 0x00000000cb000000|100%| O|  |TAMS 0x00000000cb000000, 0x00000000caf00000| Untracked 
| 118|0x00000000cb000000, 0x00000000cb100000, 0x00000000cb100000|100%| O|  |TAMS 0x00000000cb100000, 0x00000000cb000000| Untracked 
| 119|0x00000000cb100000, 0x00000000cb200000, 0x00000000cb200000|100%| O|  |TAMS 0x00000000cb14a600, 0x00000000cb100000| Untracked 
| 120|0x00000000cb200000, 0x00000000cb300000, 0x00000000cb300000|100%| O|  |TAMS 0x00000000cb200000, 0x00000000cb200000| Untracked 
| 121|0x00000000cb300000, 0x00000000cb400000, 0x00000000cb400000|100%| O|  |TAMS 0x00000000cb300000, 0x00000000cb300000| Untracked 
| 122|0x00000000cb400000, 0x00000000cb500000, 0x00000000cb500000|100%| O|  |TAMS 0x00000000cb400000, 0x00000000cb400000| Untracked 
| 123|0x00000000cb500000, 0x00000000cb600000, 0x00000000cb600000|100%| O|  |TAMS 0x00000000cb500000, 0x00000000cb500000| Untracked 
| 124|0x00000000cb600000, 0x00000000cb700000, 0x00000000cb700000|100%| O|  |TAMS 0x00000000cb600000, 0x00000000cb600000| Untracked 
| 125|0x00000000cb700000, 0x00000000cb800000, 0x00000000cb800000|100%| O|  |TAMS 0x00000000cb700000, 0x00000000cb700000| Untracked 
| 126|0x00000000cb800000, 0x00000000cb900000, 0x00000000cb900000|100%| O|  |TAMS 0x00000000cb800000, 0x00000000cb800000| Untracked 
| 127|0x00000000cb900000, 0x00000000cba00000, 0x00000000cba00000|100%|HS|  |TAMS 0x00000000cb900000, 0x00000000cb900000| Complete 
| 128|0x00000000cba00000, 0x00000000cbb00000, 0x00000000cbb00000|100%| O|  |TAMS 0x00000000cba00000, 0x00000000cba00000| Untracked 
| 129|0x00000000cbb00000, 0x00000000cbc00000, 0x00000000cbc00000|100%| O|  |TAMS 0x00000000cbb00000, 0x00000000cbb00000| Untracked 
| 130|0x00000000cbc00000, 0x00000000cbd00000, 0x00000000cbd00000|100%| O|  |TAMS 0x00000000cbc00000, 0x00000000cbc00000| Untracked 
| 131|0x00000000cbd00000, 0x00000000cbe00000, 0x00000000cbe00000|100%| O|  |TAMS 0x00000000cbd00000, 0x00000000cbd00000| Untracked 
| 132|0x00000000cbe00000, 0x00000000cbf00000, 0x00000000cbf00000|100%| O|  |TAMS 0x00000000cbe00000, 0x00000000cbe00000| Untracked 
| 133|0x00000000cbf00000, 0x00000000cbf00000, 0x00000000cc000000|  0%| F|  |TAMS 0x00000000cbf00000, 0x00000000cbf00000| Untracked 
| 134|0x00000000cc000000, 0x00000000cc000000, 0x00000000cc100000|  0%| F|  |TAMS 0x00000000cc000000, 0x00000000cc000000| Untracked 
| 135|0x00000000cc100000, 0x00000000cc100000, 0x00000000cc200000|  0%| F|  |TAMS 0x00000000cc100000, 0x00000000cc100000| Untracked 
| 136|0x00000000cc200000, 0x00000000cc200000, 0x00000000cc300000|  0%| F|  |TAMS 0x00000000cc200000, 0x00000000cc200000| Untracked 
| 137|0x00000000cc300000, 0x00000000cc300000, 0x00000000cc400000|  0%| F|  |TAMS 0x00000000cc300000, 0x00000000cc300000| Untracked 
| 138|0x00000000cc400000, 0x00000000cc400000, 0x00000000cc500000|  0%| F|  |TAMS 0x00000000cc400000, 0x00000000cc400000| Untracked 
| 139|0x00000000cc500000, 0x00000000cc500000, 0x00000000cc600000|  0%| F|  |TAMS 0x00000000cc500000, 0x00000000cc500000| Untracked 
| 140|0x00000000cc600000, 0x00000000cc600000, 0x00000000cc700000|  0%| F|  |TAMS 0x00000000cc600000, 0x00000000cc600000| Untracked 
| 141|0x00000000cc700000, 0x00000000cc700000, 0x00000000cc800000|  0%| F|  |TAMS 0x00000000cc700000, 0x00000000cc700000| Untracked 
| 142|0x00000000cc800000, 0x00000000cc800000, 0x00000000cc900000|  0%| F|  |TAMS 0x00000000cc800000, 0x00000000cc800000| Untracked 
| 143|0x00000000cc900000, 0x00000000cc900000, 0x00000000cca00000|  0%| F|  |TAMS 0x00000000cc900000, 0x00000000cc900000| Untracked 
| 144|0x00000000cca00000, 0x00000000cca00000, 0x00000000ccb00000|  0%| F|  |TAMS 0x00000000cca00000, 0x00000000cca00000| Untracked 
| 145|0x00000000ccb00000, 0x00000000ccb00000, 0x00000000ccc00000|  0%| F|  |TAMS 0x00000000ccb00000, 0x00000000ccb00000| Untracked 
| 146|0x00000000ccc00000, 0x00000000ccc00000, 0x00000000ccd00000|  0%| F|  |TAMS 0x00000000ccc00000, 0x00000000ccc00000| Untracked 
| 147|0x00000000ccd00000, 0x00000000ccd00000, 0x00000000cce00000|  0%| F|  |TAMS 0x00000000ccd00000, 0x00000000ccd00000| Untracked 
| 148|0x00000000cce00000, 0x00000000cce00000, 0x00000000ccf00000|  0%| F|  |TAMS 0x00000000cce00000, 0x00000000cce00000| Untracked 
| 149|0x00000000ccf00000, 0x00000000ccf00000, 0x00000000cd000000|  0%| F|  |TAMS 0x00000000ccf00000, 0x00000000ccf00000| Untracked 
| 150|0x00000000cd000000, 0x00000000cd000000, 0x00000000cd100000|  0%| F|  |TAMS 0x00000000cd000000, 0x00000000cd000000| Untracked 
| 151|0x00000000cd100000, 0x00000000cd100000, 0x00000000cd200000|  0%| F|  |TAMS 0x00000000cd100000, 0x00000000cd100000| Untracked 
| 152|0x00000000cd200000, 0x00000000cd200000, 0x00000000cd300000|  0%| F|  |TAMS 0x00000000cd200000, 0x00000000cd200000| Untracked 
| 153|0x00000000cd300000, 0x00000000cd300000, 0x00000000cd400000|  0%| F|  |TAMS 0x00000000cd300000, 0x00000000cd300000| Untracked 
| 154|0x00000000cd400000, 0x00000000cd400000, 0x00000000cd500000|  0%| F|  |TAMS 0x00000000cd400000, 0x00000000cd400000| Untracked 
| 155|0x00000000cd500000, 0x00000000cd500000, 0x00000000cd600000|  0%| F|  |TAMS 0x00000000cd500000, 0x00000000cd500000| Untracked 
| 156|0x00000000cd600000, 0x00000000cd600000, 0x00000000cd700000|  0%| F|  |TAMS 0x00000000cd600000, 0x00000000cd600000| Untracked 
| 157|0x00000000cd700000, 0x00000000cd700000, 0x00000000cd800000|  0%| F|  |TAMS 0x00000000cd700000, 0x00000000cd700000| Untracked 
| 158|0x00000000cd800000, 0x00000000cd800000, 0x00000000cd900000|  0%| F|  |TAMS 0x00000000cd800000, 0x00000000cd800000| Untracked 
| 159|0x00000000cd900000, 0x00000000cd900000, 0x00000000cda00000|  0%| F|  |TAMS 0x00000000cd900000, 0x00000000cd900000| Untracked 
| 160|0x00000000cda00000, 0x00000000cda00000, 0x00000000cdb00000|  0%| F|  |TAMS 0x00000000cda00000, 0x00000000cda00000| Untracked 
| 161|0x00000000cdb00000, 0x00000000cdb00000, 0x00000000cdc00000|  0%| F|  |TAMS 0x00000000cdb00000, 0x00000000cdb00000| Untracked 
| 162|0x00000000cdc00000, 0x00000000cdc00000, 0x00000000cdd00000|  0%| F|  |TAMS 0x00000000cdc00000, 0x00000000cdc00000| Untracked 
| 163|0x00000000cdd00000, 0x00000000cdd00000, 0x00000000cde00000|  0%| F|  |TAMS 0x00000000cdd00000, 0x00000000cdd00000| Untracked 
| 164|0x00000000cde00000, 0x00000000cde00000, 0x00000000cdf00000|  0%| F|  |TAMS 0x00000000cde00000, 0x00000000cde00000| Untracked 
| 165|0x00000000cdf00000, 0x00000000cdf00000, 0x00000000ce000000|  0%| F|  |TAMS 0x00000000cdf00000, 0x00000000cdf00000| Untracked 
| 166|0x00000000ce000000, 0x00000000ce000000, 0x00000000ce100000|  0%| F|  |TAMS 0x00000000ce000000, 0x00000000ce000000| Untracked 
| 167|0x00000000ce100000, 0x00000000ce100000, 0x00000000ce200000|  0%| F|  |TAMS 0x00000000ce100000, 0x00000000ce100000| Untracked 
| 168|0x00000000ce200000, 0x00000000ce200000, 0x00000000ce300000|  0%| F|  |TAMS 0x00000000ce200000, 0x00000000ce200000| Untracked 
| 169|0x00000000ce300000, 0x00000000ce300000, 0x00000000ce400000|  0%| F|  |TAMS 0x00000000ce300000, 0x00000000ce300000| Untracked 
| 170|0x00000000ce400000, 0x00000000ce400000, 0x00000000ce500000|  0%| F|  |TAMS 0x00000000ce400000, 0x00000000ce400000| Untracked 
| 171|0x00000000ce500000, 0x00000000ce500000, 0x00000000ce600000|  0%| F|  |TAMS 0x00000000ce500000, 0x00000000ce500000| Untracked 
| 172|0x00000000ce600000, 0x00000000ce600000, 0x00000000ce700000|  0%| F|  |TAMS 0x00000000ce600000, 0x00000000ce600000| Untracked 
| 173|0x00000000ce700000, 0x00000000ce700000, 0x00000000ce800000|  0%| F|  |TAMS 0x00000000ce700000, 0x00000000ce700000| Untracked 
| 174|0x00000000ce800000, 0x00000000ce800000, 0x00000000ce900000|  0%| F|  |TAMS 0x00000000ce800000, 0x00000000ce800000| Untracked 
| 175|0x00000000ce900000, 0x00000000ce900000, 0x00000000cea00000|  0%| F|  |TAMS 0x00000000ce900000, 0x00000000ce900000| Untracked 
| 176|0x00000000cea00000, 0x00000000cea00000, 0x00000000ceb00000|  0%| F|  |TAMS 0x00000000cea00000, 0x00000000cea00000| Untracked 
| 177|0x00000000ceb00000, 0x00000000ceb00000, 0x00000000cec00000|  0%| F|  |TAMS 0x00000000ceb00000, 0x00000000ceb00000| Untracked 
| 178|0x00000000cec00000, 0x00000000cec00000, 0x00000000ced00000|  0%| F|  |TAMS 0x00000000cec00000, 0x00000000cec00000| Untracked 
| 179|0x00000000ced00000, 0x00000000ced00000, 0x00000000cee00000|  0%| F|  |TAMS 0x00000000ced00000, 0x00000000ced00000| Untracked 
| 180|0x00000000cee00000, 0x00000000cee00000, 0x00000000cef00000|  0%| F|  |TAMS 0x00000000cee00000, 0x00000000cee00000| Untracked 
| 181|0x00000000cef00000, 0x00000000cf000000, 0x00000000cf000000|100%| S|CS|TAMS 0x00000000cef00000, 0x00000000cef00000| Complete 
| 182|0x00000000cf000000, 0x00000000cf100000, 0x00000000cf100000|100%| S|CS|TAMS 0x00000000cf000000, 0x00000000cf000000| Complete 
| 183|0x00000000cf100000, 0x00000000cf200000, 0x00000000cf200000|100%| S|CS|TAMS 0x00000000cf100000, 0x00000000cf100000| Complete 
| 184|0x00000000cf200000, 0x00000000cf300000, 0x00000000cf300000|100%| S|CS|TAMS 0x00000000cf200000, 0x00000000cf200000| Complete 
| 185|0x00000000cf300000, 0x00000000cf400000, 0x00000000cf400000|100%| S|CS|TAMS 0x00000000cf300000, 0x00000000cf300000| Complete 
| 186|0x00000000cf400000, 0x00000000cf500000, 0x00000000cf500000|100%| S|CS|TAMS 0x00000000cf400000, 0x00000000cf400000| Complete 
| 187|0x00000000cf500000, 0x00000000cf500000, 0x00000000cf600000|  0%| F|  |TAMS 0x00000000cf500000, 0x00000000cf500000| Untracked 
| 188|0x00000000cf600000, 0x00000000cf600000, 0x00000000cf700000|  0%| F|  |TAMS 0x00000000cf600000, 0x00000000cf600000| Untracked 
| 189|0x00000000cf700000, 0x00000000cf700000, 0x00000000cf800000|  0%| F|  |TAMS 0x00000000cf700000, 0x00000000cf700000| Untracked 
| 190|0x00000000cf800000, 0x00000000cf800000, 0x00000000cf900000|  0%| F|  |TAMS 0x00000000cf800000, 0x00000000cf800000| Untracked 
| 191|0x00000000cf900000, 0x00000000cf900000, 0x00000000cfa00000|  0%| F|  |TAMS 0x00000000cf900000, 0x00000000cf900000| Untracked 
| 192|0x00000000cfa00000, 0x00000000cfa00000, 0x00000000cfb00000|  0%| F|  |TAMS 0x00000000cfa00000, 0x00000000cfa00000| Untracked 
| 193|0x00000000cfb00000, 0x00000000cfb00000, 0x00000000cfc00000|  0%| F|  |TAMS 0x00000000cfb00000, 0x00000000cfb00000| Untracked 
| 194|0x00000000cfc00000, 0x00000000cfc00000, 0x00000000cfd00000|  0%| F|  |TAMS 0x00000000cfc00000, 0x00000000cfc00000| Untracked 
| 195|0x00000000cfd00000, 0x00000000cfd00000, 0x00000000cfe00000|  0%| F|  |TAMS 0x00000000cfd00000, 0x00000000cfd00000| Untracked 
| 196|0x00000000cfe00000, 0x00000000cfe00000, 0x00000000cff00000|  0%| F|  |TAMS 0x00000000cfe00000, 0x00000000cfe00000| Untracked 
| 197|0x00000000cff00000, 0x00000000cff00000, 0x00000000d0000000|  0%| F|  |TAMS 0x00000000cff00000, 0x00000000cff00000| Untracked 
| 198|0x00000000d0000000, 0x00000000d0000000, 0x00000000d0100000|  0%| F|  |TAMS 0x00000000d0000000, 0x00000000d0000000| Untracked 
| 199|0x00000000d0100000, 0x00000000d0100000, 0x00000000d0200000|  0%| F|  |TAMS 0x00000000d0100000, 0x00000000d0100000| Untracked 
| 200|0x00000000d0200000, 0x00000000d0200000, 0x00000000d0300000|  0%| F|  |TAMS 0x00000000d0200000, 0x00000000d0200000| Untracked 
| 201|0x00000000d0300000, 0x00000000d0300000, 0x00000000d0400000|  0%| F|  |TAMS 0x00000000d0300000, 0x00000000d0300000| Untracked 
| 202|0x00000000d0400000, 0x00000000d0400000, 0x00000000d0500000|  0%| F|  |TAMS 0x00000000d0400000, 0x00000000d0400000| Untracked 
| 203|0x00000000d0500000, 0x00000000d0500000, 0x00000000d0600000|  0%| F|  |TAMS 0x00000000d0500000, 0x00000000d0500000| Untracked 
| 204|0x00000000d0600000, 0x00000000d0600000, 0x00000000d0700000|  0%| F|  |TAMS 0x00000000d0600000, 0x00000000d0600000| Untracked 
| 205|0x00000000d0700000, 0x00000000d0700000, 0x00000000d0800000|  0%| F|  |TAMS 0x00000000d0700000, 0x00000000d0700000| Untracked 
| 206|0x00000000d0800000, 0x00000000d0800000, 0x00000000d0900000|  0%| F|  |TAMS 0x00000000d0800000, 0x00000000d0800000| Untracked 
| 207|0x00000000d0900000, 0x00000000d0900000, 0x00000000d0a00000|  0%| F|  |TAMS 0x00000000d0900000, 0x00000000d0900000| Untracked 
| 208|0x00000000d0a00000, 0x00000000d0a00000, 0x00000000d0b00000|  0%| F|  |TAMS 0x00000000d0a00000, 0x00000000d0a00000| Untracked 
| 209|0x00000000d0b00000, 0x00000000d0b00000, 0x00000000d0c00000|  0%| F|  |TAMS 0x00000000d0b00000, 0x00000000d0b00000| Untracked 
| 210|0x00000000d0c00000, 0x00000000d0c00000, 0x00000000d0d00000|  0%| F|  |TAMS 0x00000000d0c00000, 0x00000000d0c00000| Untracked 
| 211|0x00000000d0d00000, 0x00000000d0d00000, 0x00000000d0e00000|  0%| F|  |TAMS 0x00000000d0d00000, 0x00000000d0d00000| Untracked 
| 212|0x00000000d0e00000, 0x00000000d0e00000, 0x00000000d0f00000|  0%| F|  |TAMS 0x00000000d0e00000, 0x00000000d0e00000| Untracked 
| 213|0x00000000d0f00000, 0x00000000d0f00000, 0x00000000d1000000|  0%| F|  |TAMS 0x00000000d0f00000, 0x00000000d0f00000| Untracked 
| 214|0x00000000d1000000, 0x00000000d1000000, 0x00000000d1100000|  0%| F|  |TAMS 0x00000000d1000000, 0x00000000d1000000| Untracked 
| 215|0x00000000d1100000, 0x00000000d1100000, 0x00000000d1200000|  0%| F|  |TAMS 0x00000000d1100000, 0x00000000d1100000| Untracked 
| 216|0x00000000d1200000, 0x00000000d1200000, 0x00000000d1300000|  0%| F|  |TAMS 0x00000000d1200000, 0x00000000d1200000| Untracked 
| 217|0x00000000d1300000, 0x00000000d1300000, 0x00000000d1400000|  0%| F|  |TAMS 0x00000000d1300000, 0x00000000d1300000| Untracked 
| 218|0x00000000d1400000, 0x00000000d1400000, 0x00000000d1500000|  0%| F|  |TAMS 0x00000000d1400000, 0x00000000d1400000| Untracked 
| 219|0x00000000d1500000, 0x00000000d1500000, 0x00000000d1600000|  0%| F|  |TAMS 0x00000000d1500000, 0x00000000d1500000| Untracked 
| 220|0x00000000d1600000, 0x00000000d1600000, 0x00000000d1700000|  0%| F|  |TAMS 0x00000000d1600000, 0x00000000d1600000| Untracked 
| 221|0x00000000d1700000, 0x00000000d1700000, 0x00000000d1800000|  0%| F|  |TAMS 0x00000000d1700000, 0x00000000d1700000| Untracked 
| 222|0x00000000d1800000, 0x00000000d1800000, 0x00000000d1900000|  0%| F|  |TAMS 0x00000000d1800000, 0x00000000d1800000| Untracked 
| 223|0x00000000d1900000, 0x00000000d1900000, 0x00000000d1a00000|  0%| F|  |TAMS 0x00000000d1900000, 0x00000000d1900000| Untracked 
| 224|0x00000000d1a00000, 0x00000000d1a00000, 0x00000000d1b00000|  0%| F|  |TAMS 0x00000000d1a00000, 0x00000000d1a00000| Untracked 
| 225|0x00000000d1b00000, 0x00000000d1b00000, 0x00000000d1c00000|  0%| F|  |TAMS 0x00000000d1b00000, 0x00000000d1b00000| Untracked 
| 226|0x00000000d1c00000, 0x00000000d1c00000, 0x00000000d1d00000|  0%| F|  |TAMS 0x00000000d1c00000, 0x00000000d1c00000| Untracked 
| 227|0x00000000d1d00000, 0x00000000d1d00000, 0x00000000d1e00000|  0%| F|  |TAMS 0x00000000d1d00000, 0x00000000d1d00000| Untracked 
| 950|0x00000000ff000000, 0x00000000ff100000, 0x00000000ff100000|100%| O|  |TAMS 0x00000000ff000000, 0x00000000ff000000| Untracked 
| 951|0x00000000ff100000, 0x00000000ff200000, 0x00000000ff200000|100%| O|  |TAMS 0x00000000ff100000, 0x00000000ff100000| Untracked 
| 952|0x00000000ff200000, 0x00000000ff300000, 0x00000000ff300000|100%| O|  |TAMS 0x00000000ff200000, 0x00000000ff200000| Untracked 
| 953|0x00000000ff300000, 0x00000000ff400000, 0x00000000ff400000|100%| O|  |TAMS 0x00000000ff400000, 0x00000000ff300000| Untracked 
| 954|0x00000000ff400000, 0x00000000ff500000, 0x00000000ff500000|100%| O|  |TAMS 0x00000000ff500000, 0x00000000ff400000| Untracked 
| 955|0x00000000ff500000, 0x00000000ff600000, 0x00000000ff600000|100%| O|  |TAMS 0x00000000ff600000, 0x00000000ff500000| Untracked 
| 956|0x00000000ff600000, 0x00000000ff600000, 0x00000000ff700000|  0%| F|  |TAMS 0x00000000ff600000, 0x00000000ff600000| Untracked 
| 957|0x00000000ff700000, 0x00000000ff700000, 0x00000000ff800000|  0%| F|  |TAMS 0x00000000ff700000, 0x00000000ff700000| Untracked 
| 958|0x00000000ff800000, 0x00000000ff800000, 0x00000000ff900000|  0%| F|  |TAMS 0x00000000ff800000, 0x00000000ff800000| Untracked 
| 959|0x00000000ff900000, 0x00000000ff900000, 0x00000000ffa00000|  0%| F|  |TAMS 0x00000000ff900000, 0x00000000ff900000| Untracked 
| 960|0x00000000ffa00000, 0x00000000ffa00000, 0x00000000ffb00000|  0%| F|  |TAMS 0x00000000ffa00000, 0x00000000ffa00000| Untracked 
| 961|0x00000000ffb00000, 0x00000000ffc00000, 0x00000000ffc00000|100%| O|  |TAMS 0x00000000ffc00000, 0x00000000ffb00000| Untracked 
| 962|0x00000000ffc00000, 0x00000000ffc00000, 0x00000000ffd00000|  0%| F|  |TAMS 0x00000000ffc00000, 0x00000000ffc00000| Untracked 
| 963|0x00000000ffd00000, 0x00000000ffe00000, 0x00000000ffe00000|100%| O|  |TAMS 0x00000000ffe00000, 0x00000000ffd00000| Untracked 
| 964|0x00000000ffe00000, 0x00000000fff00000, 0x00000000fff00000|100%| O|  |TAMS 0x00000000fff00000, 0x00000000ffe00000| Untracked 
| 965|0x00000000fff00000, 0x00000000fff00000, 0x0000000100000000|  0%| F|  |TAMS 0x00000000fff00000, 0x00000000fff00000| Untracked 

Card table byte_map: [0x0000021c401e0000,0x0000021c403d0000] _byte_map_base: 0x0000021c3fbc3000

Marking Bits (Prev, Next): (CMBitMap*) 0x0000021c297bd0e0, (CMBitMap*) 0x0000021c297bd120
 Prev Bits: [0x0000021c405c0000, 0x0000021c414d8000)
 Next Bits: [0x0000021c414e0000, 0x0000021c423f8000)

Polling page: 0x0000021c27940000

Metaspace:

Usage:
  Non-class:     49.09 MB used.
      Class:      6.20 MB used.
       Both:     55.29 MB used.

Virtual space:
  Non-class space:       56.00 MB reserved,      49.38 MB ( 88%) committed,  7 nodes.
      Class space:        1.00 GB reserved,       6.44 MB ( <1%) committed,  1 nodes.
             Both:        1.05 GB reserved,      55.81 MB (  5%) committed. 

Chunk freelists:
   Non-Class:  1.83 MB
       Class:  1.48 MB
        Both:  3.31 MB

MaxMetaspaceSize: unlimited
CompressedClassSpaceSize: 1.00 GB
Initial GC threshold: 21.00 MB
Current GC threshold: 89.69 MB
CDS: on
MetaspaceReclaimPolicy: balanced
 - commit_granule_bytes: 65536.
 - commit_granule_words: 8192.
 - virtual_space_node_default_size: 1048576.
 - enlarge_chunks_in_place: 1.
 - new_chunks_are_fully_committed: 0.
 - uncommit_free_chunks: 1.
 - use_allocation_guard: 0.
 - handle_deallocations: 1.


Internal statistics:

num_allocs_failed_limit: 9.
num_arena_births: 484.
num_arena_deaths: 12.
num_vsnodes_births: 8.
num_vsnodes_deaths: 0.
num_space_committed: 912.
num_space_uncommitted: 19.
num_chunks_returned_to_freelist: 105.
num_chunks_taken_from_freelist: 2674.
num_chunk_merges: 33.
num_chunk_splits: 1921.
num_chunks_enlarged: 1528.
num_purges: 4.
num_inconsistent_stats: 0.

CodeHeap 'non-profiled nmethods': size=120000Kb used=6201Kb max_used=7085Kb free=113798Kb
 bounds [0x0000021c38ac0000, 0x0000021c391b0000, 0x0000021c3fff0000]
CodeHeap 'profiled nmethods': size=120000Kb used=19978Kb max_used=20879Kb free=100021Kb
 bounds [0x0000021c31590000, 0x0000021c32a00000, 0x0000021c38ac0000]
CodeHeap 'non-nmethods': size=5760Kb used=1300Kb max_used=1412Kb free=4459Kb
 bounds [0x0000021c30ff0000, 0x0000021c31260000, 0x0000021c31590000]
 total_blobs=9713 nmethods=9097 adapters=528
 compilation: enabled
              stopped_count=0, restarted_count=0
 full_count=0

Compilation events (20 events):
Event: 104.848 Thread 0x0000021c44860770 nmethod 11424 0x0000021c38cdb210 code [0x0000021c38cdb400, 0x0000021c38cdbf88]
Event: 104.849 Thread 0x0000021c44860770 11425       4       java.nio.file.attribute.FileTime::from (18 bytes)
Event: 104.852 Thread 0x0000021c44860770 nmethod 11425 0x0000021c38c2c810 code [0x0000021c38c2c9a0, 0x0000021c38c2ca78]
Event: 104.859 Thread 0x0000021c44860770 11426       4       sun.nio.fs.WindowsFileSystem::getPath (106 bytes)
Event: 104.885 Thread 0x0000021c44860770 nmethod 11426 0x0000021c3904fb10 code [0x0000021c3904fce0, 0x0000021c390504a0]
Event: 104.962 Thread 0x0000021c44860770 11427       4       java.lang.Math::addExact (32 bytes)
Event: 104.964 Thread 0x0000021c44860770 nmethod 11427 0x0000021c3904f810 code [0x0000021c3904f980, 0x0000021c3904fa18]
Event: 104.966 Thread 0x0000021c44860770 11428       4       sun.nio.fs.WindowsFileAttributes::lastModifiedTime (8 bytes)
Event: 104.974 Thread 0x0000021c44860770 nmethod 11428 0x0000021c3904f090 code [0x0000021c3904f220, 0x0000021c3904f3c8]
Event: 105.002 Thread 0x0000021c44860770 11429       4       java.util.ArrayDeque::addLast (51 bytes)
Event: 105.009 Thread 0x0000021c44860770 nmethod 11429 0x0000021c38e01a10 code [0x0000021c38e01ba0, 0x0000021c38e01da8]
Event: 105.009 Thread 0x0000021c44869d90 11430       3       java.lang.String::isNotContinuation (17 bytes)
Event: 105.010 Thread 0x0000021c44869d90 nmethod 11430 0x0000021c31ee8410 code [0x0000021c31ee85a0, 0x0000021c31ee86f8]
Event: 105.010 Thread 0x0000021c44869d90 11431       3       java.lang.String::decode2 (12 bytes)
Event: 105.010 Thread 0x0000021c44869d90 nmethod 11431 0x0000021c31776d90 code [0x0000021c31776f20, 0x0000021c31777018]
Event: 105.048 Thread 0x0000021c44869d90 11432       3       com.sun.tools.javac.file.Locations::isArchive (52 bytes)
Event: 105.051 Thread 0x0000021c44869d90 nmethod 11432 0x0000021c32686190 code [0x0000021c32686420, 0x0000021c32687008]
Event: 105.051 Thread 0x0000021c44869d90 11433   !   3       com.sun.tools.javac.file.Locations$SearchPath::addJarClassPath (70 bytes)
Event: 105.052 Thread 0x0000021c44869d90 nmethod 11433 0x0000021c3174c710 code [0x0000021c3174c980, 0x0000021c3174d558]
Event: 105.210 Thread 0x0000021c44860770 11434       4       java.util.Collections$SetFromMap::add (22 bytes)

GC Heap History (20 events):
Event: 95.775 GC heap after
{Heap after GC invocations=71 (full 0):
 garbage-first heap   total 145408K, used 129321K [0x00000000c3a00000, 0x0000000100000000)
  region size 1024K, 1 young (1024K), 1 survivors (1024K)
 Metaspace       used 55759K, committed 56320K, reserved 1105920K
  class space    used 6191K, committed 6464K, reserved 1048576K
}
Event: 96.013 GC heap before
{Heap before GC invocations=71 (full 0):
 garbage-first heap   total 145408K, used 134441K [0x00000000c3a00000, 0x0000000100000000)
  region size 1024K, 7 young (7168K), 1 survivors (1024K)
 Metaspace       used 55761K, committed 56320K, reserved 1105920K
  class space    used 6191K, committed 6464K, reserved 1048576K
}
Event: 96.031 GC heap after
{Heap after GC invocations=72 (full 0):
 garbage-first heap   total 145408K, used 132381K [0x00000000c3a00000, 0x0000000100000000)
  region size 1024K, 1 young (1024K), 1 survivors (1024K)
 Metaspace       used 55761K, committed 56320K, reserved 1105920K
  class space    used 6191K, committed 6464K, reserved 1048576K
}
Event: 96.361 GC heap before
{Heap before GC invocations=72 (full 0):
 garbage-first heap   total 145408K, used 137501K [0x00000000c3a00000, 0x0000000100000000)
  region size 1024K, 7 young (7168K), 1 survivors (1024K)
 Metaspace       used 55761K, committed 56320K, reserved 1105920K
  class space    used 6191K, committed 6464K, reserved 1048576K
}
Event: 96.368 GC heap after
{Heap after GC invocations=73 (full 0):
 garbage-first heap   total 145408K, used 134510K [0x00000000c3a00000, 0x0000000100000000)
  region size 1024K, 1 young (1024K), 1 survivors (1024K)
 Metaspace       used 55761K, committed 56320K, reserved 1105920K
  class space    used 6191K, committed 6464K, reserved 1048576K
}
Event: 96.556 GC heap before
{Heap before GC invocations=73 (full 0):
 garbage-first heap   total 145408K, used 138606K [0x00000000c3a00000, 0x0000000100000000)
  region size 1024K, 6 young (6144K), 1 survivors (1024K)
 Metaspace       used 55761K, committed 56320K, reserved 1105920K
  class space    used 6191K, committed 6464K, reserved 1048576K
}
Event: 96.566 GC heap after
{Heap after GC invocations=74 (full 0):
 garbage-first heap   total 145408K, used 136110K [0x00000000c3a00000, 0x0000000100000000)
  region size 1024K, 1 young (1024K), 1 survivors (1024K)
 Metaspace       used 55761K, committed 56320K, reserved 1105920K
  class space    used 6191K, committed 6464K, reserved 1048576K
}
Event: 96.682 GC heap before
{Heap before GC invocations=74 (full 0):
 garbage-first heap   total 145408K, used 140206K [0x00000000c3a00000, 0x0000000100000000)
  region size 1024K, 6 young (6144K), 1 survivors (1024K)
 Metaspace       used 55766K, committed 56320K, reserved 1105920K
  class space    used 6191K, committed 6464K, reserved 1048576K
}
Event: 96.690 GC heap after
{Heap after GC invocations=75 (full 0):
 garbage-first heap   total 145408K, used 137522K [0x00000000c3a00000, 0x0000000100000000)
  region size 1024K, 1 young (1024K), 1 survivors (1024K)
 Metaspace       used 55766K, committed 56320K, reserved 1105920K
  class space    used 6191K, committed 6464K, reserved 1048576K
}
Event: 96.765 GC heap before
{Heap before GC invocations=75 (full 0):
 garbage-first heap   total 145408K, used 139570K [0x00000000c3a00000, 0x0000000100000000)
  region size 1024K, 4 young (4096K), 1 survivors (1024K)
 Metaspace       used 55766K, committed 56320K, reserved 1105920K
  class space    used 6191K, committed 6464K, reserved 1048576K
}
Event: 96.780 GC heap after
{Heap after GC invocations=76 (full 0):
 garbage-first heap   total 203776K, used 138334K [0x00000000c3a00000, 0x0000000100000000)
  region size 1024K, 1 young (1024K), 1 survivors (1024K)
 Metaspace       used 55766K, committed 56320K, reserved 1105920K
  class space    used 6191K, committed 6464K, reserved 1048576K
}
Event: 97.004 GC heap before
{Heap before GC invocations=76 (full 0):
 garbage-first heap   total 203776K, used 153694K [0x00000000c3a00000, 0x0000000100000000)
  region size 1024K, 16 young (16384K), 1 survivors (1024K)
 Metaspace       used 55766K, committed 56320K, reserved 1105920K
  class space    used 6191K, committed 6464K, reserved 1048576K
}
Event: 97.020 GC heap after
{Heap after GC invocations=77 (full 0):
 garbage-first heap   total 203776K, used 142307K [0x00000000c3a00000, 0x0000000100000000)
  region size 1024K, 2 young (2048K), 2 survivors (2048K)
 Metaspace       used 55766K, committed 56320K, reserved 1105920K
  class space    used 6191K, committed 6464K, reserved 1048576K
}
Event: 98.463 GC heap before
{Heap before GC invocations=78 (full 0):
 garbage-first heap   total 249856K, used 152547K [0x00000000c3a00000, 0x0000000100000000)
  region size 1024K, 16 young (16384K), 2 survivors (2048K)
 Metaspace       used 54016K, committed 55104K, reserved 1105920K
  class space    used 5984K, committed 6336K, reserved 1048576K
}
Event: 98.489 GC heap after
{Heap after GC invocations=79 (full 0):
 garbage-first heap   total 249856K, used 141745K [0x00000000c3a00000, 0x0000000100000000)
  region size 1024K, 2 young (2048K), 2 survivors (2048K)
 Metaspace       used 54016K, committed 55104K, reserved 1105920K
  class space    used 5984K, committed 6336K, reserved 1048576K
}
Event: 98.624 GC heap before
{Heap before GC invocations=79 (full 0):
 garbage-first heap   total 249856K, used 151985K [0x00000000c3a00000, 0x0000000100000000)
  region size 1024K, 12 young (12288K), 2 survivors (2048K)
 Metaspace       used 54016K, committed 55104K, reserved 1105920K
  class space    used 5984K, committed 6336K, reserved 1048576K
}
Event: 98.654 GC heap after
{Heap after GC invocations=80 (full 0):
 garbage-first heap   total 249856K, used 118932K [0x00000000c3a00000, 0x0000000100000000)
  region size 1024K, 2 young (2048K), 2 survivors (2048K)
 Metaspace       used 54016K, committed 55104K, reserved 1105920K
  class space    used 5984K, committed 6336K, reserved 1048576K
}
Event: 98.715 GC heap before
{Heap before GC invocations=80 (full 0):
 garbage-first heap   total 249856K, used 129172K [0x00000000c3a00000, 0x0000000100000000)
  region size 1024K, 12 young (12288K), 2 survivors (2048K)
 Metaspace       used 54016K, committed 55104K, reserved 1105920K
  class space    used 5984K, committed 6336K, reserved 1048576K
}
Event: 98.772 GC heap after
{Heap after GC invocations=81 (full 0):
 garbage-first heap   total 249856K, used 108519K [0x00000000c3a00000, 0x0000000100000000)
  region size 1024K, 2 young (2048K), 2 survivors (2048K)
 Metaspace       used 54016K, committed 55104K, reserved 1105920K
  class space    used 5984K, committed 6336K, reserved 1048576K
}
Event: 105.266 GC heap before
{Heap before GC invocations=81 (full 0):
 garbage-first heap   total 249856K, used 159719K [0x00000000c3a00000, 0x0000000100000000)
  region size 1024K, 48 young (49152K), 2 survivors (2048K)
 Metaspace       used 56613K, committed 57152K, reserved 1105920K
  class space    used 6348K, committed 6592K, reserved 1048576K
}

Deoptimization events (20 events):
Event: 99.142 Thread 0x0000021c2977ebc0 DEOPT PACKING pc=0x0000021c3165cf02 sp=0x00000077b27fc290
Event: 99.142 Thread 0x0000021c2977ebc0 DEOPT UNPACKING pc=0x0000021c31046763 sp=0x00000077b27fb810 mode 0
Event: 102.070 Thread 0x0000021c2977ebc0 Uncommon trap: trap_request=0xffffff45 fr.pc=0x0000021c38f98ce0 relative=0x00000000000000c0
Event: 102.070 Thread 0x0000021c2977ebc0 Uncommon trap: reason=unstable_if action=reinterpret pc=0x0000021c38f98ce0 method=io.quarkus.runtime.configuration.NameIterator.isStartOfString(I)Z @ 6 c2
Event: 102.072 Thread 0x0000021c2977ebc0 DEOPT PACKING pc=0x0000021c38f98ce0 sp=0x00000077b27fc050
Event: 102.072 Thread 0x0000021c2977ebc0 DEOPT UNPACKING pc=0x0000021c31045c23 sp=0x00000077b27fbf80 mode 2
Event: 102.297 Thread 0x0000021c2977ebc0 Uncommon trap: trap_request=0xffffff45 fr.pc=0x0000021c390f9670 relative=0x00000000000002d0
Event: 102.297 Thread 0x0000021c2977ebc0 Uncommon trap: reason=unstable_if action=reinterpret pc=0x0000021c390f9670 method=java.lang.Character.offsetByCodePoints(Ljava/lang/CharSequence;II)I @ 28 c2
Event: 102.297 Thread 0x0000021c2977ebc0 DEOPT PACKING pc=0x0000021c390f9670 sp=0x00000077b27f9870
Event: 102.297 Thread 0x0000021c2977ebc0 DEOPT UNPACKING pc=0x0000021c31045c23 sp=0x00000077b27f97f0 mode 2
Event: 102.377 Thread 0x0000021c2977ebc0 DEOPT PACKING pc=0x0000021c321d23d1 sp=0x00000077b27fa610
Event: 102.377 Thread 0x0000021c2977ebc0 DEOPT UNPACKING pc=0x0000021c31046763 sp=0x00000077b27f9a70 mode 0
Event: 102.441 Thread 0x0000021c2977ebc0 Uncommon trap: trap_request=0xffffff45 fr.pc=0x0000021c38c93cfc relative=0x00000000000000dc
Event: 102.441 Thread 0x0000021c2977ebc0 Uncommon trap: reason=unstable_if action=reinterpret pc=0x0000021c38c93cfc method=io.smallrye.config.NameIterator.isStartOfString(I)Z @ 5 c2
Event: 102.441 Thread 0x0000021c2977ebc0 DEOPT PACKING pc=0x0000021c38c93cfc sp=0x00000077b27fc900
Event: 102.441 Thread 0x0000021c2977ebc0 DEOPT UNPACKING pc=0x0000021c31045c23 sp=0x00000077b27fc830 mode 2
Event: 104.114 Thread 0x0000021c2977ebc0 Uncommon trap: trap_request=0xffffff45 fr.pc=0x0000021c390023cc relative=0x000000000000030c
Event: 104.114 Thread 0x0000021c2977ebc0 Uncommon trap: reason=unstable_if action=reinterpret pc=0x0000021c390023cc method=com.sun.tools.javac.file.BaseFileManager.getKind(Ljava/lang/String;)Ljavax/tools/JavaFileObject$Kind; @ 27 c2
Event: 104.114 Thread 0x0000021c2977ebc0 DEOPT PACKING pc=0x0000021c390023cc sp=0x00000077b27fd630
Event: 104.114 Thread 0x0000021c2977ebc0 DEOPT UNPACKING pc=0x0000021c31045c23 sp=0x00000077b27fd5d8 mode 2

Classes unloaded (20 events):
Event: 97.318 Thread 0x0000021c2983cb40 Unloading class 0x00000008011a27c8 'lombok/javac/apt/MessagerDiagnosticsReceiver'
Event: 97.318 Thread 0x0000021c2983cb40 Unloading class 0x00000008011a2420 'lombok/javac/apt/InterceptingJavaFileManager'
Event: 97.318 Thread 0x0000021c2983cb40 Unloading class 0x00000008011a2218 'lombok/permit/dummy/Parent'
Event: 97.318 Thread 0x0000021c2983cb40 Unloading class 0x00000008011a2000 'lombok/core/CleanupRegistry'
Event: 97.318 Thread 0x0000021c2983cb40 Unloading class 0x00000008011a1de0 'lombok/permit/Permit$Fake'
Event: 97.318 Thread 0x0000021c2983cb40 Unloading class 0x00000008011a1be0 'lombok/permit/Permit'
Event: 97.318 Thread 0x0000021c2983cb40 Unloading class 0x00000008011a18f8 'lombok/javac/apt/LombokProcessor$1'
Event: 97.318 Thread 0x0000021c2983cb40 Unloading class 0x00000008011a1700 'lombok/core/DiagnosticsReceiver'
Event: 97.318 Thread 0x0000021c2983cb40 Unloading class 0x00000008011a1468 'lombok/javac/apt/LombokProcessor'
Event: 97.318 Thread 0x0000021c2983cb40 Unloading class 0x00000008011a1238 'lombok/core/AnnotationProcessor$EcjDescriptor'
Event: 97.318 Thread 0x0000021c2983cb40 Unloading class 0x00000008011a1000 'lombok/core/AnnotationProcessor$JavacDescriptor'
Event: 97.318 Thread 0x0000021c2983cb40 Unloading class 0x00000008011a0a80 'lombok/core/AnnotationProcessor$ProcessorDescriptor'
Event: 97.319 Thread 0x0000021c2983cb40 Unloading class 0x00000008011a0800 'lombok/core/AnnotationProcessor'
Event: 97.319 Thread 0x0000021c2983cb40 Unloading class 0x0000000801215000 'lombok/launch/AnnotationProcessorHider$ClaimingProcessor'
Event: 97.319 Thread 0x0000021c2983cb40 Unloading class 0x00000008011a0498 'lombok/launch/AnnotationProcessorHider$AstModificationNotifierData'
Event: 97.319 Thread 0x0000021c2983cb40 Unloading class 0x00000008011a0218 'lombok/launch/ClassFileMetaData'
Event: 97.319 Thread 0x0000021c2983cb40 Unloading class 0x00000008011a0000 'lombok/launch/PackageShader'
Event: 97.320 Thread 0x0000021c2983cb40 Unloading class 0x0000000801178480 'lombok/launch/ShadowClassLoader'
Event: 97.320 Thread 0x0000021c2983cb40 Unloading class 0x0000000801178280 'lombok/launch/Main'
Event: 97.320 Thread 0x0000021c2983cb40 Unloading class 0x0000000801178000 'lombok/launch/AnnotationProcessorHider$AnnotationProcessor'

Classes redefined (0 events):
No events

Internal exceptions (20 events):
Event: 98.999 Thread 0x0000021c2977ebc0 Exception <a 'sun/nio/fs/WindowsException'{0x00000000d1ccf3d8}> (0x00000000d1ccf3d8) 
thrown [t:\workspace\open\src\hotspot\share\prims\jni.cpp, line 516]
Event: 99.000 Thread 0x0000021c2977ebc0 Exception <a 'sun/nio/fs/WindowsException'{0x00000000d1ccf678}> (0x00000000d1ccf678) 
thrown [t:\workspace\open\src\hotspot\share\prims\jni.cpp, line 516]
Event: 99.017 Thread 0x0000021c2977ebc0 Exception <a 'sun/nio/fs/WindowsException'{0x00000000d1cd02b0}> (0x00000000d1cd02b0) 
thrown [t:\workspace\open\src\hotspot\share\prims\jni.cpp, line 516]
Event: 99.041 Thread 0x0000021c2977ebc0 Exception <a 'sun/nio/fs/WindowsException'{0x00000000d1b17860}> (0x00000000d1b17860) 
thrown [t:\workspace\open\src\hotspot\share\prims\jni.cpp, line 516]
Event: 99.043 Thread 0x0000021c2977ebc0 Exception <a 'sun/nio/fs/WindowsException'{0x00000000d1b1b4c0}> (0x00000000d1b1b4c0) 
thrown [t:\workspace\open\src\hotspot\share\prims\jni.cpp, line 516]
Event: 99.043 Thread 0x0000021c2977ebc0 Exception <a 'sun/nio/fs/WindowsException'{0x00000000d1b1b780}> (0x00000000d1b1b780) 
thrown [t:\workspace\open\src\hotspot\share\prims\jni.cpp, line 516]
Event: 101.846 Thread 0x0000021c2977ebc0 Exception <a 'java/lang/IncompatibleClassChangeError'{0x00000000d0df1ac8}: Found class java.lang.Object, but interface was expected> (0x00000000d0df1ac8) 
thrown [t:\workspace\open\src\hotspot\share\interpreter\linkResolver.cpp, line 833]
Event: 101.906 Thread 0x0000021c2977ebc0 Exception <a 'sun/nio/fs/WindowsException'{0x00000000d0c93860}> (0x00000000d0c93860) 
thrown [t:\workspace\open\src\hotspot\share\prims\jni.cpp, line 516]
Event: 101.906 Thread 0x0000021c2977ebc0 Exception <a 'sun/nio/fs/WindowsException'{0x00000000d0c93e70}> (0x00000000d0c93e70) 
thrown [t:\workspace\open\src\hotspot\share\prims\jni.cpp, line 516]
Event: 101.907 Thread 0x0000021c2977ebc0 Exception <a 'sun/nio/fs/WindowsException'{0x00000000d0c94588}> (0x00000000d0c94588) 
thrown [t:\workspace\open\src\hotspot\share\prims\jni.cpp, line 516]
Event: 101.907 Thread 0x0000021c2977ebc0 Exception <a 'sun/nio/fs/WindowsException'{0x00000000d0c94bd0}> (0x00000000d0c94bd0) 
thrown [t:\workspace\open\src\hotspot\share\prims\jni.cpp, line 516]
Event: 101.907 Thread 0x0000021c2977ebc0 Exception <a 'sun/nio/fs/WindowsException'{0x00000000d0c951c0}> (0x00000000d0c951c0) 
thrown [t:\workspace\open\src\hotspot\share\prims\jni.cpp, line 516]
Event: 101.907 Thread 0x0000021c2977ebc0 Exception <a 'sun/nio/fs/WindowsException'{0x00000000d0c953d0}> (0x00000000d0c953d0) 
thrown [t:\workspace\open\src\hotspot\share\prims\jni.cpp, line 516]
Event: 101.907 Thread 0x0000021c2977ebc0 Exception <a 'sun/nio/fs/WindowsException'{0x00000000d0c962a0}> (0x00000000d0c962a0) 
thrown [t:\workspace\open\src\hotspot\share\prims\jni.cpp, line 516]
Event: 101.909 Thread 0x0000021c2977ebc0 Exception <a 'sun/nio/fs/WindowsException'{0x00000000d0c9eb68}> (0x00000000d0c9eb68) 
thrown [t:\workspace\open\src\hotspot\share\prims\jni.cpp, line 516]
Event: 101.909 Thread 0x0000021c2977ebc0 Exception <a 'sun/nio/fs/WindowsException'{0x00000000d0c9f1e0}> (0x00000000d0c9f1e0) 
thrown [t:\workspace\open\src\hotspot\share\prims\jni.cpp, line 516]
Event: 101.909 Thread 0x0000021c2977ebc0 Exception <a 'sun/nio/fs/WindowsException'{0x00000000d0c9f7d0}> (0x00000000d0c9f7d0) 
thrown [t:\workspace\open\src\hotspot\share\prims\jni.cpp, line 516]
Event: 101.909 Thread 0x0000021c2977ebc0 Exception <a 'sun/nio/fs/WindowsException'{0x00000000d0c9fa70}> (0x00000000d0c9fa70) 
thrown [t:\workspace\open\src\hotspot\share\prims\jni.cpp, line 516]
Event: 102.096 Thread 0x0000021c2977ebc0 Exception <a 'sun/nio/fs/WindowsException'{0x00000000d0af80a8}> (0x00000000d0af80a8) 
thrown [t:\workspace\open\src\hotspot\share\prims\jni.cpp, line 516]
Event: 102.452 Thread 0x0000021c2977ebc0 Exception <a 'sun/nio/fs/WindowsException'{0x00000000d0311770}> (0x00000000d0311770) 
thrown [t:\workspace\open\src\hotspot\share\prims\jni.cpp, line 516]

VM Operations (20 events):
Event: 98.489 Executing VM operation: G1CollectForAllocation done
Event: 98.566 Executing VM operation: HandshakeAllThreads
Event: 98.566 Executing VM operation: HandshakeAllThreads done
Event: 98.624 Executing VM operation: G1CollectForAllocation
Event: 98.654 Executing VM operation: G1CollectForAllocation done
Event: 98.715 Executing VM operation: G1CollectForAllocation
Event: 98.772 Executing VM operation: G1CollectForAllocation done
Event: 99.772 Executing VM operation: Cleanup
Event: 99.773 Executing VM operation: Cleanup done
Event: 100.784 Executing VM operation: Cleanup
Event: 100.800 Executing VM operation: Cleanup done
Event: 101.809 Executing VM operation: Cleanup
Event: 101.811 Executing VM operation: Cleanup done
Event: 102.812 Executing VM operation: Cleanup
Event: 102.812 Executing VM operation: Cleanup done
Event: 103.820 Executing VM operation: Cleanup
Event: 103.820 Executing VM operation: Cleanup done
Event: 104.833 Executing VM operation: Cleanup
Event: 104.834 Executing VM operation: Cleanup done
Event: 105.265 Executing VM operation: G1CollectForAllocation

Events (20 events):
Event: 98.603 Thread 0x0000021c448e1f00 flushing nmethod 0x0000021c328cdb10
Event: 98.603 Thread 0x0000021c448e1f00 flushing nmethod 0x0000021c328cdf90
Event: 98.603 Thread 0x0000021c448e1f00 flushing nmethod 0x0000021c328ce590
Event: 98.603 Thread 0x0000021c448e1f00 flushing nmethod 0x0000021c328cee90
Event: 98.603 Thread 0x0000021c448e1f00 flushing nmethod 0x0000021c328cf290
Event: 98.604 Thread 0x0000021c448e1f00 flushing nmethod 0x0000021c32913810
Event: 98.604 Thread 0x0000021c448e1f00 flushing nmethod 0x0000021c32916490
Event: 98.604 Thread 0x0000021c448e1f00 flushing nmethod 0x0000021c3291a190
Event: 98.604 Thread 0x0000021c448e1f00 flushing nmethod 0x0000021c3291b090
Event: 98.604 Thread 0x0000021c448e1f00 flushing nmethod 0x0000021c32923790
Event: 98.604 Thread 0x0000021c448e1f00 flushing nmethod 0x0000021c32926390
Event: 98.604 Thread 0x0000021c448e1f00 flushing nmethod 0x0000021c3292b790
Event: 98.604 Thread 0x0000021c448e1f00 flushing nmethod 0x0000021c3292e690
Event: 98.604 Thread 0x0000021c448e1f00 flushing nmethod 0x0000021c32932e90
Event: 98.604 Thread 0x0000021c448e1f00 flushing nmethod 0x0000021c32933790
Event: 98.605 Thread 0x0000021c448e1f00 flushing nmethod 0x0000021c32936a90
Event: 98.605 Thread 0x0000021c448e1f00 flushing nmethod 0x0000021c32959c10
Event: 98.606 Thread 0x0000021c448e1f00 flushing nmethod 0x0000021c329bf110
Event: 98.606 Thread 0x0000021c448e1f00 flushing nmethod 0x0000021c329c5910
Event: 98.606 Thread 0x0000021c448e1f00 flushing nmethod 0x0000021c329c9610


Dynamic libraries:
0x00007ff6b24d0000 - 0x00007ff6b24e0000 	C:\Program Files\Java\jdk-17.0.3.1\bin\java.exe
0x00007fff7e300000 - 0x00007fff7e567000 	C:\WINDOWS\SYSTEM32\ntdll.dll
0x00007fff7cea0000 - 0x00007fff7cf69000 	C:\WINDOWS\System32\KERNEL32.DLL
0x00007fff7bbf0000 - 0x00007fff7bfdf000 	C:\WINDOWS\System32\KERNELBASE.dll
0x00007fff7b5f0000 - 0x00007fff7b73b000 	C:\WINDOWS\System32\ucrtbase.dll
0x00007fff5dda0000 - 0x00007fff5ddba000 	C:\Program Files\Java\jdk-17.0.3.1\bin\VCRUNTIME140.dll
0x00007fff5f3e0000 - 0x00007fff5f3f8000 	C:\Program Files\Java\jdk-17.0.3.1\bin\jli.dll
0x00007fff7d820000 - 0x00007fff7d8d4000 	C:\WINDOWS\System32\ADVAPI32.dll
0x00007fff7c8c0000 - 0x00007fff7c969000 	C:\WINDOWS\System32\msvcrt.dll
0x00007fff7d2e0000 - 0x00007fff7d386000 	C:\WINDOWS\System32\sechost.dll
0x00007fff7d950000 - 0x00007fff7da68000 	C:\WINDOWS\System32\RPCRT4.dll
0x00007fff7d390000 - 0x00007fff7d555000 	C:\WINDOWS\System32\USER32.dll
0x00007fff68180000 - 0x00007fff68413000 	C:\WINDOWS\WinSxS\amd64_microsoft.windows.common-controls_6595b64144ccf1df_6.0.26100.7309_none_3e05feeae336a044\COMCTL32.dll
0x00007fff7b5c0000 - 0x00007fff7b5e7000 	C:\WINDOWS\System32\win32u.dll
0x00007fff7cd70000 - 0x00007fff7cd9b000 	C:\WINDOWS\System32\GDI32.dll
0x00007fff7b740000 - 0x00007fff7b86c000 	C:\WINDOWS\System32\gdi32full.dll
0x00007fff7bff0000 - 0x00007fff7c093000 	C:\WINDOWS\System32\msvcp_win.dll
0x00007fff6c560000 - 0x00007fff6c56b000 	C:\WINDOWS\SYSTEM32\VERSION.dll
0x00007fff7d7e0000 - 0x00007fff7d811000 	C:\WINDOWS\System32\IMM32.DLL
0x00007fff77080000 - 0x00007fff7708c000 	C:\Program Files\Java\jdk-17.0.3.1\bin\vcruntime140_1.dll
0x00007fff3e6d0000 - 0x00007fff3e75d000 	C:\Program Files\Java\jdk-17.0.3.1\bin\msvcp140.dll
0x00007ffefdd90000 - 0x00007ffefe950000 	C:\Program Files\Java\jdk-17.0.3.1\bin\server\jvm.dll
0x00007fff7d8e0000 - 0x00007fff7d8e8000 	C:\WINDOWS\System32\PSAPI.DLL
0x00007fff591b0000 - 0x00007fff591ba000 	C:\WINDOWS\SYSTEM32\WSOCK32.dll
0x00007fff7d6d0000 - 0x00007fff7d744000 	C:\WINDOWS\System32\WS2_32.dll
0x00007fff78dc0000 - 0x00007fff78df5000 	C:\WINDOWS\SYSTEM32\WINMM.dll
0x00007fff7a1e0000 - 0x00007fff7a1fb000 	C:\WINDOWS\SYSTEM32\kernel.appcore.dll
0x00007fff71900000 - 0x00007fff7190a000 	C:\Program Files\Java\jdk-17.0.3.1\bin\jimage.dll
0x00007fff78b70000 - 0x00007fff78db2000 	C:\WINDOWS\SYSTEM32\DBGHELP.DLL
0x00007fff7df00000 - 0x00007fff7e286000 	C:\WINDOWS\System32\combase.dll
0x00007fff7ca70000 - 0x00007fff7cb46000 	C:\WINDOWS\System32\OLEAUT32.dll
0x00007fff78b30000 - 0x00007fff78b6c000 	C:\WINDOWS\SYSTEM32\dbgcore.DLL
0x00007fff7b870000 - 0x00007fff7b915000 	C:\WINDOWS\System32\bcryptPrimitives.dll
0x00007fff57660000 - 0x00007fff57685000 	C:\Program Files\Java\jdk-17.0.3.1\bin\java.dll
0x00007fff3da30000 - 0x00007fff3db06000 	C:\Program Files\Java\jdk-17.0.3.1\bin\jsvml.dll
0x00007fff7c0f0000 - 0x00007fff7c843000 	C:\WINDOWS\System32\SHELL32.dll
0x00007fff7b450000 - 0x00007fff7b5ba000 	C:\WINDOWS\System32\wintypes.dll
0x00007fff79030000 - 0x00007fff7988e000 	C:\WINDOWS\SYSTEM32\windows.storage.dll
0x00007fff7cda0000 - 0x00007fff7ce95000 	C:\WINDOWS\System32\SHCORE.dll
0x00007fff7c850000 - 0x00007fff7c8b6000 	C:\WINDOWS\System32\shlwapi.dll
0x00007fff7b370000 - 0x00007fff7b399000 	C:\WINDOWS\SYSTEM32\profapi.dll
0x00007fff44b80000 - 0x00007fff44b99000 	C:\Program Files\Java\jdk-17.0.3.1\bin\net.dll
0x00007fff6e2a0000 - 0x00007fff6e3c8000 	C:\WINDOWS\SYSTEM32\WINHTTP.dll
0x00007fff7a770000 - 0x00007fff7a7db000 	C:\WINDOWS\system32\mswsock.dll
0x00007fff44b60000 - 0x00007fff44b76000 	C:\Program Files\Java\jdk-17.0.3.1\bin\nio.dll
0x00007fff44870000 - 0x00007fff44888000 	C:\Program Files\Java\jdk-17.0.3.1\bin\zip.dll
0x00007fff41ca0000 - 0x00007fff41cc4000 	C:\Program Files\apache-maven-3.9.10\lib\jansi-native\Windows\x86_64\jansi.dll
0x00007fff71740000 - 0x00007fff71750000 	C:\Program Files\Java\jdk-17.0.3.1\bin\verify.dll
0x00007fff7a320000 - 0x00007fff7a356000 	C:\WINDOWS\SYSTEM32\ntmarta.dll
0x00007fff7aa30000 - 0x00007fff7aa4b000 	C:\WINDOWS\SYSTEM32\CRYPTSP.dll
0x00007fff7a140000 - 0x00007fff7a17a000 	C:\WINDOWS\system32\rsaenh.dll
0x00007fff7a820000 - 0x00007fff7a84b000 	C:\WINDOWS\SYSTEM32\USERENV.dll
0x00007fff7b340000 - 0x00007fff7b36a000 	C:\WINDOWS\SYSTEM32\bcrypt.dll
0x00007fff7aa50000 - 0x00007fff7aa5c000 	C:\WINDOWS\SYSTEM32\CRYPTBASE.dll
0x00007fff79c10000 - 0x00007fff79c44000 	C:\WINDOWS\SYSTEM32\IPHLPAPI.DLL
0x00007fff7ca60000 - 0x00007fff7ca6a000 	C:\WINDOWS\System32\NSI.dll
0x00007fff6e490000 - 0x00007fff6e4ae000 	C:\WINDOWS\SYSTEM32\dhcpcsvc6.DLL
0x00007fff6e270000 - 0x00007fff6e293000 	C:\WINDOWS\SYSTEM32\dhcpcsvc.DLL
0x00007fff79cb0000 - 0x00007fff79ddc000 	C:\WINDOWS\SYSTEM32\DNSAPI.dll
0x00007fff5f590000 - 0x00007fff5f5a8000 	C:\WINDOWS\system32\napinsp.dll
0x00007fff5f5f0000 - 0x00007fff5f602000 	C:\WINDOWS\System32\winrnr.dll
0x00007fff5f560000 - 0x00007fff5f582000 	C:\WINDOWS\system32\nlansp_c.dll
0x00007fff6e200000 - 0x00007fff6e216000 	C:\WINDOWS\system32\wshbth.dll
0x00007fff6e480000 - 0x00007fff6e48b000 	C:\Windows\System32\rasadhlp.dll
0x00007fff6cea0000 - 0x00007fff6cf26000 	C:\WINDOWS\System32\fwpuclnt.dll

dbghelp: loaded successfully - version: 4.0.5 - missing functions: none
symbol engine: initialized successfully - sym options: 0x614 - pdb path: .;C:\Program Files\Java\jdk-17.0.3.1\bin;C:\WINDOWS\SYSTEM32;C:\WINDOWS\WinSxS\amd64_microsoft.windows.common-controls_6595b64144ccf1df_6.0.26100.7309_none_3e05feeae336a044;C:\Program Files\Java\jdk-17.0.3.1\bin\server;C:\Program Files\apache-maven-3.9.10\lib\jansi-native\Windows\x86_64

VM Arguments:
jvm_args: --enable-native-access=ALL-UNNAMED -Dclassworlds.conf=C:\Program Files\apache-maven-3.9.10\bin\m2.conf -Dmaven.home=C:\Program Files\apache-maven-3.9.10 -Dlibrary.jansi.path=C:\Program Files\apache-maven-3.9.10\lib\jansi-native -Dmaven.multiModuleProjectDirectory=C:\Users\Hymavathi\git\hackathon 
java_command: org.codehaus.plexus.classworlds.launcher.Launcher clean install -Dskiptest=true
java_class_path (initial): C:\Program Files\apache-maven-3.9.10\boot\plexus-classworlds-2.9.0.jar
Launcher Type: SUN_STANDARD

[Global flags]
     intx CICompilerCount                          = 3                                         {product} {ergonomic}
     uint ConcGCThreads                            = 1                                         {product} {ergonomic}
     uint G1ConcRefinementThreads                  = 4                                         {product} {ergonomic}
   size_t G1HeapRegionSize                         = 1048576                                   {product} {ergonomic}
    uintx GCDrainStackTargetSize                   = 64                                        {product} {ergonomic}
   size_t InitialHeapSize                          = 65011712                                  {product} {ergonomic}
   size_t MarkStackSize                            = 4194304                                   {product} {ergonomic}
   size_t MaxHeapSize                              = 1012924416                                {product} {ergonomic}
   size_t MaxNewSize                               = 607125504                                 {product} {ergonomic}
   size_t MinHeapDeltaBytes                        = 1048576                                   {product} {ergonomic}
   size_t MinHeapSize                              = 8388608                                   {product} {ergonomic}
    uintx NonNMethodCodeHeapSize                   = 5832780                                {pd product} {ergonomic}
    uintx NonProfiledCodeHeapSize                  = 122912730                              {pd product} {ergonomic}
    uintx ProfiledCodeHeapSize                     = 122912730                              {pd product} {ergonomic}
    uintx ReservedCodeCacheSize                    = 251658240                              {pd product} {ergonomic}
     bool SegmentedCodeCache                       = true                                      {product} {ergonomic}
   size_t SoftMaxHeapSize                          = 1012924416                             {manageable} {ergonomic}
     bool UseCompressedClassPointers               = true                           {product lp64_product} {ergonomic}
     bool UseCompressedOops                        = true                           {product lp64_product} {ergonomic}
     bool UseG1GC                                  = true                                      {product} {ergonomic}
     bool UseLargePagesIndividualAllocation        = false                                  {pd product} {ergonomic}

Logging:
Log output configuration:
 #0: stdout all=warning uptime,level,tags
 #1: stderr all=off uptime,level,tags

Environment Variables:
JAVA_HOME=C:\Program Files\Java\jdk-17.0.3.1
CLASSPATH=C:\Program Files\Java\jdk-21\bin;.;
PATH=C:\Users\Hymavathi\AppData\Local\Temp\Temp1_WINDOWS.X64_193000_db_home.zip\bin;C:\Users\Hymavathi\Downloads\WINDOWS.X64_193000_db_home\bin;C:\Program Files\Common Files\Oracle\Java\javapath;C:\Program Files (x86)\Common Files\Oracle\Java\javapath;C:\WINDOWS\system32;C:\WINDOWS;C:\WINDOWS\System32\Wbem;C:\WINDOWS\System32\WindowsPowerShell\v1.0\;C:\WINDOWS\System32\OpenSSH\;C:\Program Files\Java\jdk-21\bin;C:\Program Files\nodejs\;C:\Program Files\Git\cmd;C:\Program Files\apache-maven-3.9.10\bin;;C:\Program Files\Docker\Docker\resources\bin;C:\Users\Hymavathi\AppData\Local\Programs\Python\Launcher\;C:\Program Files\MySQL\MySQL Shell 8.0\bin\;C:\Users\Hymavathi\AppData\Local\Microsoft\WindowsApps;C:\Program Files\Java\jdk-21\bin;C:\Users\Hymavathi\AppData\Local\Programs\Microsoft VS Code\bin;C:\Users\Hymavathi\AppData\Roaming\npm;C:\Program Files\apache-maven-3.9.10\bin;
USERNAME=Hymavathi
OS=Windows_NT
PROCESSOR_IDENTIFIER=Intel64 Family 6 Model 126 Stepping 5, GenuineIntel



---------------  S Y S T E M  ---------------

OS:
 Windows 11 , 64 bit Build 26100 (10.0.26100.7623)
OS uptime: 0 days 10:38 hours
Hyper-V role detected

CPU: total 4 (initial active 4) (2 cores per cpu, 2 threads per core) family 6 model 126 stepping 5 microcode 0xc2, cx8, cmov, fxsr, ht, mmx, 3dnowpref, sse, sse2, sse3, ssse3, sse4.1, sse4.2, popcnt, lzcnt, tsc, tscinvbit, avx, avx2, aes, erms, clmul, bmi1, bmi2, adx, avx512f, avx512dq, avx512cd, avx512bw, avx512vl, sha, fma, vzeroupper, avx512_vpopcntdq, avx512_vpclmulqdq, avx512_vaes, avx512_vnni, clflush, clflushopt, avx512_vbmi2, avx512_vbmi, hv

Memory: 4k page, system-wide physical 3863M (217M free)
TotalPageFile size 15639M (AvailPageFile size 191M)
current process WorkingSet (physical memory assigned to process): 310M, peak: 310M
current process commit charge ("private bytes"): 479M, peak: 740M

vm_info: Java HotSpot(TM) 64-Bit Server VM (17.0.3.1+2-LTS-6) for windows-amd64 JRE (17.0.3.1+2-LTS-6), built on Apr 25 2022 22:04:21 by "mach5one" with MS VC++ 16.8 / 16.9 (VS2019)

END.
